[
  {
    "line": 2,
    "elements": [
      {
        "start_timestamp": "2020-03-08T23:42:03.089Z",
        "line": 14,
        "name": "Create an Analysis on homepage from aninvalid SRA Run ID",
        "description": "",
        "id": "testfeature;create-an-analysis-on-homepage-from-aninvalid-sra-run-id",
        "type": "scenario",
        "keyword": "Scenario",
        "steps": [
          {
            "result": {
              "duration": 1439303337,
              "status": "passed"
            },
            "line": 15,
            "name": "Open \"login\" page",
            "match": {
              "arguments": [
                {
                  "val": "\"login\"",
                  "offset": 5
                }
              ],
              "location": "StepDefinitions.openPage(String)"
            },
            "keyword": "Given "
          },
          {
            "result": {
              "duration": 345877426,
              "status": "passed"
            },
            "line": 16,
            "name": "Login to the app",
            "match": {
              "location": "StepDefinitions.loginToTheApp()"
            },
            "keyword": "And "
          },
          {
            "result": {
              "duration": 324656171,
              "status": "passed"
            },
            "line": 17,
            "name": "click Analyze your sequencing data button",
            "match": {
              "location": "StepDefinitions.clickAnalyzeYourSequencingDataButton()"
            },
            "keyword": "Then "
          },
          {
            "result": {
              "duration": 267338741,
              "status": "passed"
            },
            "line": 18,
            "name": "Fill in the form and submit",
            "match": {
              "location": "StepDefinitions.fillInTheFormAndSubmit()"
            },
            "keyword": "And "
          },
          {
            "result": {
              "duration": 1108393544,
              "status": "passed"
            },
            "line": 19,
            "name": "Click Select Rads and choose \"Enter SRA Run ID\"",
            "match": {
              "arguments": [
                {
                  "val": "\"Enter SRA Run ID\"",
                  "offset": 29
                }
              ],
              "location": "StepDefinitions.clickSelectRadsAndChoose(String)"
            },
            "keyword": "And "
          },
          {
            "result": {
              "duration": 218897039,
              "status": "passed"
            },
            "line": 20,
            "name": "Enter a \"invalid\" SRA Run ID",
            "match": {
              "arguments": [
                {
                  "val": "\"invalid\"",
                  "offset": 8
                }
              ],
              "location": "StepDefinitions.enterASRARunID(String)"
            },
            "keyword": "And "
          },
          {
            "result": {
              "duration": 60807944,
              "status": "passed"
            },
            "line": 21,
            "name": "Click submit analysis",
            "match": {
              "location": "StepDefinitions.clickSubmitAnalysis()"
            },
            "keyword": "When "
          },
          {
            "result": {
              "duration": 64813150,
              "status": "passed"
            },
            "line": 22,
            "name": "Verify that system shows error message",
            "match": {
              "location": "StepDefinitions.verifyThatSystemShowsErrorMessage()"
            },
            "keyword": "Then "
          }
        ],
        "tags": [
          {
            "name": "@tested"
          }
        ]
      },
      {
        "start_timestamp": "2020-03-08T23:42:06.996Z",
        "line": 24,
        "name": "Create an Analysis from the Quick Analysis button",
        "description": "",
        "id": "testfeature;create-an-analysis-from-the-quick-analysis-button",
        "type": "scenario",
        "keyword": "Scenario",
        "steps": [
          {
            "result": {
              "duration": 136163577,
              "status": "passed"
            },
            "line": 25,
            "name": "Open \"login\" page",
            "match": {
              "arguments": [
                {
                  "val": "\"login\"",
                  "offset": 5
                }
              ],
              "location": "StepDefinitions.openPage(String)"
            },
            "keyword": "Given "
          },
          {
            "result": {
              "error_message": "org.openqa.selenium.NoSuchElementException: Cannot locate an element using id\u003dusername\nFor documentation on this error, please visit: https://www.seleniumhq.org/exceptions/no_such_element.html\nBuild info: version: \u00273.141.59\u0027, revision: \u0027e82be7d358\u0027, time: \u00272018-11-14T08:17:03\u0027\nSystem info: host: \u0027msmuli-mac.local\u0027, ip: \u0027192.168.0.155\u0027, os.name: \u0027Mac OS X\u0027, os.arch: \u0027x86_64\u0027, os.version: \u002710.14.5\u0027, java.version: \u00271.8.0_162\u0027\nDriver info: driver.version: RemoteWebDriver\n\tat org.openqa.selenium.remote.RemoteWebDriver.findElement(RemoteWebDriver.java:327)\n\tat org.openqa.selenium.remote.RemoteWebDriver.findElementById(RemoteWebDriver.java:372)\n\tat org.openqa.selenium.By$ById.findElement(By.java:188)\n\tat org.openqa.selenium.remote.RemoteWebDriver.findElement(RemoteWebDriver.java:315)\n\tat org.openqa.selenium.support.pagefactory.DefaultElementLocator.findElement(DefaultElementLocator.java:69)\n\tat org.openqa.selenium.support.pagefactory.internal.LocatingElementHandler.invoke(LocatingElementHandler.java:38)\n\tat com.sun.proxy.$Proxy17.sendKeys(Unknown Source)\n\tat pages.LoginPage.login(LoginPage.java:21)\n\tat definitions.StepDefinitions.loginToTheApp(StepDefinitions.java:34)\n\tat ✽.Login to the app(file:src/test/resources/features/idbydna.feature:26)\n",
              "duration": 12082107144,
              "status": "failed"
            },
            "line": 26,
            "name": "Login to the app",
            "match": {
              "location": "StepDefinitions.loginToTheApp()"
            },
            "keyword": "And "
          },
          {
            "result": {
              "duration": 924470,
              "status": "skipped"
            },
            "line": 27,
            "name": "Click Quick Analysis button",
            "match": {
              "location": "StepDefinitions.clickQuickAnalysisButton()"
            },
            "keyword": "Then "
          },
          {
            "result": {
              "duration": 767765,
              "status": "skipped"
            },
            "line": 28,
            "name": "Select \"Enter SRA Run ID\" option",
            "match": {
              "arguments": [
                {
                  "val": "\"Enter SRA Run ID\"",
                  "offset": 7
                }
              ],
              "location": "StepDefinitions.selectOption(String)"
            },
            "keyword": "Then "
          },
          {
            "result": {
              "duration": 724142,
              "status": "skipped"
            },
            "line": 29,
            "name": "Enter a \"valid\" SRA Run ID",
            "match": {
              "arguments": [
                {
                  "val": "\"valid\"",
                  "offset": 8
                }
              ],
              "location": "StepDefinitions.enterASRARunID(String)"
            },
            "keyword": "And "
          },
          {
            "result": {
              "duration": 605225,
              "status": "skipped"
            },
            "line": 30,
            "name": "Click submit analysis",
            "match": {
              "location": "StepDefinitions.clickSubmitAnalysis()"
            },
            "keyword": "When "
          },
          {
            "result": {
              "duration": 557310,
              "status": "skipped"
            },
            "line": 31,
            "name": "Verify that Analysis started",
            "match": {
              "location": "StepDefinitions.verifyThatAnalysisStarted()"
            },
            "keyword": "Then "
          }
        ],
        "tags": [
          {
            "name": "@tested"
          }
        ]
      },
      {
        "start_timestamp": "2020-03-08T23:42:19.230Z",
        "line": 33,
        "name": "Verify invalid SRA Run ID Quick Analysis",
        "description": "",
        "id": "testfeature;verify-invalid-sra-run-id-quick-analysis",
        "type": "scenario",
        "keyword": "Scenario",
        "steps": [
          {
            "result": {
              "error_message": "org.openqa.selenium.NoSuchWindowException: no such window: target window already closed\nfrom unknown error: web view not found\n  (Session info: chrome\u003d80.0.3987.132)\n  (Driver info: chromedriver\u003d2.43.600229 (3fae4d0cda5334b4f533bede5a4787f7b832d052),platform\u003dMac OS X 10.14.5 x86_64) (WARNING: The server did not provide any stacktrace information)\nCommand duration or timeout: 0 milliseconds\nBuild info: version: \u00273.141.59\u0027, revision: \u0027e82be7d358\u0027, time: \u00272018-11-14T08:17:03\u0027\nSystem info: host: \u0027msmuli-mac.local\u0027, ip: \u0027192.168.0.155\u0027, os.name: \u0027Mac OS X\u0027, os.arch: \u0027x86_64\u0027, os.version: \u002710.14.5\u0027, java.version: \u00271.8.0_162\u0027\nDriver info: org.openqa.selenium.chrome.ChromeDriver\nCapabilities {acceptInsecureCerts: false, acceptSslCerts: false, applicationCacheEnabled: false, browserConnectionEnabled: false, browserName: chrome, chrome: {chromedriverVersion: 2.43.600229 (3fae4d0cda5334..., userDataDir: /var/folders/cc/f0q2z4ln5rg...}, cssSelectorsEnabled: true, databaseEnabled: false, goog:chromeOptions: {debuggerAddress: localhost:52196}, handlesAlerts: true, hasTouchScreen: false, javascriptEnabled: true, locationContextEnabled: true, mobileEmulationEnabled: false, nativeEvents: true, networkConnectionEnabled: false, pageLoadStrategy: normal, platform: MAC, platformName: MAC, rotatable: false, setWindowRect: true, takesHeapSnapshot: true, takesScreenshot: true, unexpectedAlertBehaviour: , unhandledPromptBehavior: , version: 80.0.3987.132, webStorageEnabled: true}\nSession ID: c9d4c48b34cf511e3c968410c91e3967\n\tat sun.reflect.NativeConstructorAccessorImpl.newInstance0(Native Method)\n\tat sun.reflect.NativeConstructorAccessorImpl.newInstance(NativeConstructorAccessorImpl.java:62)\n\tat sun.reflect.DelegatingConstructorAccessorImpl.newInstance(DelegatingConstructorAccessorImpl.java:45)\n\tat java.lang.reflect.Constructor.newInstance(Constructor.java:423)\n\tat org.openqa.selenium.remote.ErrorHandler.createThrowable(ErrorHandler.java:214)\n\tat org.openqa.selenium.remote.ErrorHandler.throwIfResponseFailed(ErrorHandler.java:166)\n\tat org.openqa.selenium.remote.http.JsonHttpResponseCodec.reconstructValue(JsonHttpResponseCodec.java:40)\n\tat org.openqa.selenium.remote.http.AbstractHttpResponseCodec.decode(AbstractHttpResponseCodec.java:80)\n\tat org.openqa.selenium.remote.http.AbstractHttpResponseCodec.decode(AbstractHttpResponseCodec.java:44)\n\tat org.openqa.selenium.remote.HttpCommandExecutor.execute(HttpCommandExecutor.java:158)\n\tat org.openqa.selenium.remote.service.DriverCommandExecutor.execute(DriverCommandExecutor.java:83)\n\tat org.openqa.selenium.remote.RemoteWebDriver.execute(RemoteWebDriver.java:552)\n\tat org.openqa.selenium.remote.RemoteWebDriver.get(RemoteWebDriver.java:277)\n\tat pages.TaxonomerPages.open(TaxonomerPages.java:22)\n\tat definitions.StepDefinitions.openPage(StepDefinitions.java:22)\n\tat ✽.Open \"login\" page(file:src/test/resources/features/idbydna.feature:34)\n",
              "duration": 31729884,
              "status": "failed"
            },
            "line": 34,
            "name": "Open \"login\" page",
            "match": {
              "arguments": [
                {
                  "val": "\"login\"",
                  "offset": 5
                }
              ],
              "location": "StepDefinitions.openPage(String)"
            },
            "keyword": "Given "
          },
          {
            "result": {
              "duration": 757174,
              "status": "skipped"
            },
            "line": 35,
            "name": "Login to the app",
            "match": {
              "location": "StepDefinitions.loginToTheApp()"
            },
            "keyword": "And "
          },
          {
            "result": {
              "duration": 848069,
              "status": "skipped"
            },
            "line": 36,
            "name": "Click Quick Analysis button",
            "match": {
              "location": "StepDefinitions.clickQuickAnalysisButton()"
            },
            "keyword": "Then "
          },
          {
            "result": {
              "duration": 908010,
              "status": "skipped"
            },
            "line": 37,
            "name": "Select \"Enter SRA Run ID\" option",
            "match": {
              "arguments": [
                {
                  "val": "\"Enter SRA Run ID\"",
                  "offset": 7
                }
              ],
              "location": "StepDefinitions.selectOption(String)"
            },
            "keyword": "Then "
          },
          {
            "result": {
              "duration": 864178,
              "status": "skipped"
            },
            "line": 38,
            "name": "Enter a \"invalid\" SRA Run ID",
            "match": {
              "arguments": [
                {
                  "val": "\"invalid\"",
                  "offset": 8
                }
              ],
              "location": "StepDefinitions.enterASRARunID(String)"
            },
            "keyword": "And "
          },
          {
            "result": {
              "duration": 728248,
              "status": "skipped"
            },
            "line": 39,
            "name": "Click submit analysis",
            "match": {
              "location": "StepDefinitions.clickSubmitAnalysis()"
            },
            "keyword": "When "
          },
          {
            "result": {
              "duration": 1011101,
              "status": "skipped"
            },
            "line": 40,
            "name": "Verify that system shows error message",
            "match": {
              "location": "StepDefinitions.verifyThatSystemShowsErrorMessage()"
            },
            "keyword": "Then "
          }
        ],
        "tags": [
          {
            "name": "@tested"
          }
        ]
      },
      {
        "start_timestamp": "2020-03-08T23:42:19.278Z",
        "line": 42,
        "name": "Delete an analysis on the home page",
        "description": "",
        "id": "testfeature;delete-an-analysis-on-the-home-page",
        "type": "scenario",
        "keyword": "Scenario",
        "steps": [
          {
            "result": {
              "error_message": "org.openqa.selenium.NoSuchWindowException: no such window: target window already closed\nfrom unknown error: web view not found\n  (Session info: chrome\u003d80.0.3987.132)\n  (Driver info: chromedriver\u003d2.43.600229 (3fae4d0cda5334b4f533bede5a4787f7b832d052),platform\u003dMac OS X 10.14.5 x86_64) (WARNING: The server did not provide any stacktrace information)\nCommand duration or timeout: 0 milliseconds\nBuild info: version: \u00273.141.59\u0027, revision: \u0027e82be7d358\u0027, time: \u00272018-11-14T08:17:03\u0027\nSystem info: host: \u0027msmuli-mac.local\u0027, ip: \u0027192.168.0.155\u0027, os.name: \u0027Mac OS X\u0027, os.arch: \u0027x86_64\u0027, os.version: \u002710.14.5\u0027, java.version: \u00271.8.0_162\u0027\nDriver info: org.openqa.selenium.chrome.ChromeDriver\nCapabilities {acceptInsecureCerts: false, acceptSslCerts: false, applicationCacheEnabled: false, browserConnectionEnabled: false, browserName: chrome, chrome: {chromedriverVersion: 2.43.600229 (3fae4d0cda5334..., userDataDir: /var/folders/cc/f0q2z4ln5rg...}, cssSelectorsEnabled: true, databaseEnabled: false, goog:chromeOptions: {debuggerAddress: localhost:52196}, handlesAlerts: true, hasTouchScreen: false, javascriptEnabled: true, locationContextEnabled: true, mobileEmulationEnabled: false, nativeEvents: true, networkConnectionEnabled: false, pageLoadStrategy: normal, platform: MAC, platformName: MAC, rotatable: false, setWindowRect: true, takesHeapSnapshot: true, takesScreenshot: true, unexpectedAlertBehaviour: , unhandledPromptBehavior: , version: 80.0.3987.132, webStorageEnabled: true}\nSession ID: c9d4c48b34cf511e3c968410c91e3967\n\tat sun.reflect.NativeConstructorAccessorImpl.newInstance0(Native Method)\n\tat sun.reflect.NativeConstructorAccessorImpl.newInstance(NativeConstructorAccessorImpl.java:62)\n\tat sun.reflect.DelegatingConstructorAccessorImpl.newInstance(DelegatingConstructorAccessorImpl.java:45)\n\tat java.lang.reflect.Constructor.newInstance(Constructor.java:423)\n\tat org.openqa.selenium.remote.ErrorHandler.createThrowable(ErrorHandler.java:214)\n\tat org.openqa.selenium.remote.ErrorHandler.throwIfResponseFailed(ErrorHandler.java:166)\n\tat org.openqa.selenium.remote.http.JsonHttpResponseCodec.reconstructValue(JsonHttpResponseCodec.java:40)\n\tat org.openqa.selenium.remote.http.AbstractHttpResponseCodec.decode(AbstractHttpResponseCodec.java:80)\n\tat org.openqa.selenium.remote.http.AbstractHttpResponseCodec.decode(AbstractHttpResponseCodec.java:44)\n\tat org.openqa.selenium.remote.HttpCommandExecutor.execute(HttpCommandExecutor.java:158)\n\tat org.openqa.selenium.remote.service.DriverCommandExecutor.execute(DriverCommandExecutor.java:83)\n\tat org.openqa.selenium.remote.RemoteWebDriver.execute(RemoteWebDriver.java:552)\n\tat org.openqa.selenium.remote.RemoteWebDriver.get(RemoteWebDriver.java:277)\n\tat pages.TaxonomerPages.open(TaxonomerPages.java:22)\n\tat definitions.StepDefinitions.openPage(StepDefinitions.java:22)\n\tat ✽.Open \"login\" page(file:src/test/resources/features/idbydna.feature:43)\n",
              "duration": 9626674,
              "status": "failed"
            },
            "line": 43,
            "name": "Open \"login\" page",
            "match": {
              "arguments": [
                {
                  "val": "\"login\"",
                  "offset": 5
                }
              ],
              "location": "StepDefinitions.openPage(String)"
            },
            "keyword": "Given "
          },
          {
            "result": {
              "duration": 810460,
              "status": "skipped"
            },
            "line": 44,
            "name": "Login to the app",
            "match": {
              "location": "StepDefinitions.loginToTheApp()"
            },
            "keyword": "And "
          },
          {
            "result": {
              "duration": 1788420,
              "status": "skipped"
            },
            "line": 45,
            "name": "Verify that user is able to delete analysis from Home page",
            "match": {
              "location": "StepDefinitions.verifyThatUserIsAbleToDeleteAnalysisFromHomePage()"
            },
            "keyword": "Then "
          }
        ],
        "tags": [
          {
            "name": "@tested"
          }
        ]
      },
      {
        "start_timestamp": "2020-03-08T23:42:19.301Z",
        "line": 47,
        "name": "Delete an analysis on the home page and cancel",
        "description": "",
        "id": "testfeature;delete-an-analysis-on-the-home-page-and-cancel",
        "type": "scenario",
        "keyword": "Scenario",
        "steps": [
          {
            "result": {
              "error_message": "org.openqa.selenium.NoSuchWindowException: no such window: target window already closed\nfrom unknown error: web view not found\n  (Session info: chrome\u003d80.0.3987.132)\n  (Driver info: chromedriver\u003d2.43.600229 (3fae4d0cda5334b4f533bede5a4787f7b832d052),platform\u003dMac OS X 10.14.5 x86_64) (WARNING: The server did not provide any stacktrace information)\nCommand duration or timeout: 0 milliseconds\nBuild info: version: \u00273.141.59\u0027, revision: \u0027e82be7d358\u0027, time: \u00272018-11-14T08:17:03\u0027\nSystem info: host: \u0027msmuli-mac.local\u0027, ip: \u0027192.168.0.155\u0027, os.name: \u0027Mac OS X\u0027, os.arch: \u0027x86_64\u0027, os.version: \u002710.14.5\u0027, java.version: \u00271.8.0_162\u0027\nDriver info: org.openqa.selenium.chrome.ChromeDriver\nCapabilities {acceptInsecureCerts: false, acceptSslCerts: false, applicationCacheEnabled: false, browserConnectionEnabled: false, browserName: chrome, chrome: {chromedriverVersion: 2.43.600229 (3fae4d0cda5334..., userDataDir: /var/folders/cc/f0q2z4ln5rg...}, cssSelectorsEnabled: true, databaseEnabled: false, goog:chromeOptions: {debuggerAddress: localhost:52196}, handlesAlerts: true, hasTouchScreen: false, javascriptEnabled: true, locationContextEnabled: true, mobileEmulationEnabled: false, nativeEvents: true, networkConnectionEnabled: false, pageLoadStrategy: normal, platform: MAC, platformName: MAC, rotatable: false, setWindowRect: true, takesHeapSnapshot: true, takesScreenshot: true, unexpectedAlertBehaviour: , unhandledPromptBehavior: , version: 80.0.3987.132, webStorageEnabled: true}\nSession ID: c9d4c48b34cf511e3c968410c91e3967\n\tat sun.reflect.NativeConstructorAccessorImpl.newInstance0(Native Method)\n\tat sun.reflect.NativeConstructorAccessorImpl.newInstance(NativeConstructorAccessorImpl.java:62)\n\tat sun.reflect.DelegatingConstructorAccessorImpl.newInstance(DelegatingConstructorAccessorImpl.java:45)\n\tat java.lang.reflect.Constructor.newInstance(Constructor.java:423)\n\tat org.openqa.selenium.remote.ErrorHandler.createThrowable(ErrorHandler.java:214)\n\tat org.openqa.selenium.remote.ErrorHandler.throwIfResponseFailed(ErrorHandler.java:166)\n\tat org.openqa.selenium.remote.http.JsonHttpResponseCodec.reconstructValue(JsonHttpResponseCodec.java:40)\n\tat org.openqa.selenium.remote.http.AbstractHttpResponseCodec.decode(AbstractHttpResponseCodec.java:80)\n\tat org.openqa.selenium.remote.http.AbstractHttpResponseCodec.decode(AbstractHttpResponseCodec.java:44)\n\tat org.openqa.selenium.remote.HttpCommandExecutor.execute(HttpCommandExecutor.java:158)\n\tat org.openqa.selenium.remote.service.DriverCommandExecutor.execute(DriverCommandExecutor.java:83)\n\tat org.openqa.selenium.remote.RemoteWebDriver.execute(RemoteWebDriver.java:552)\n\tat org.openqa.selenium.remote.RemoteWebDriver.get(RemoteWebDriver.java:277)\n\tat pages.TaxonomerPages.open(TaxonomerPages.java:22)\n\tat definitions.StepDefinitions.openPage(StepDefinitions.java:22)\n\tat ✽.Open \"login\" page(file:src/test/resources/features/idbydna.feature:48)\n",
              "duration": 12927791,
              "status": "failed"
            },
            "line": 48,
            "name": "Open \"login\" page",
            "match": {
              "arguments": [
                {
                  "val": "\"login\"",
                  "offset": 5
                }
              ],
              "location": "StepDefinitions.openPage(String)"
            },
            "keyword": "Given "
          },
          {
            "result": {
              "duration": 1565519,
              "status": "skipped"
            },
            "line": 49,
            "name": "Login to the app",
            "match": {
              "location": "StepDefinitions.loginToTheApp()"
            },
            "keyword": "And "
          },
          {
            "result": {
              "duration": 1707020,
              "status": "skipped"
            },
            "line": 50,
            "name": "Verify that user is able to cancel delete Analysis action",
            "match": {
              "location": "StepDefinitions.verifyThatUserIsAbleToCancelDeleteAnalysisAction()"
            },
            "keyword": "Then "
          }
        ],
        "tags": [
          {
            "name": "@tested"
          }
        ]
      },
      {
        "start_timestamp": "2020-03-08T23:42:19.329Z",
        "line": 52,
        "name": "Delete an analysis from the Analysis list page",
        "description": "",
        "id": "testfeature;delete-an-analysis-from-the-analysis-list-page",
        "type": "scenario",
        "keyword": "Scenario",
        "steps": [
          {
            "result": {
              "error_message": "org.openqa.selenium.NoSuchWindowException: no such window: target window already closed\nfrom unknown error: web view not found\n  (Session info: chrome\u003d80.0.3987.132)\n  (Driver info: chromedriver\u003d2.43.600229 (3fae4d0cda5334b4f533bede5a4787f7b832d052),platform\u003dMac OS X 10.14.5 x86_64) (WARNING: The server did not provide any stacktrace information)\nCommand duration or timeout: 0 milliseconds\nBuild info: version: \u00273.141.59\u0027, revision: \u0027e82be7d358\u0027, time: \u00272018-11-14T08:17:03\u0027\nSystem info: host: \u0027msmuli-mac.local\u0027, ip: \u0027192.168.0.155\u0027, os.name: \u0027Mac OS X\u0027, os.arch: \u0027x86_64\u0027, os.version: \u002710.14.5\u0027, java.version: \u00271.8.0_162\u0027\nDriver info: org.openqa.selenium.chrome.ChromeDriver\nCapabilities {acceptInsecureCerts: false, acceptSslCerts: false, applicationCacheEnabled: false, browserConnectionEnabled: false, browserName: chrome, chrome: {chromedriverVersion: 2.43.600229 (3fae4d0cda5334..., userDataDir: /var/folders/cc/f0q2z4ln5rg...}, cssSelectorsEnabled: true, databaseEnabled: false, goog:chromeOptions: {debuggerAddress: localhost:52196}, handlesAlerts: true, hasTouchScreen: false, javascriptEnabled: true, locationContextEnabled: true, mobileEmulationEnabled: false, nativeEvents: true, networkConnectionEnabled: false, pageLoadStrategy: normal, platform: MAC, platformName: MAC, rotatable: false, setWindowRect: true, takesHeapSnapshot: true, takesScreenshot: true, unexpectedAlertBehaviour: , unhandledPromptBehavior: , version: 80.0.3987.132, webStorageEnabled: true}\nSession ID: c9d4c48b34cf511e3c968410c91e3967\n\tat sun.reflect.NativeConstructorAccessorImpl.newInstance0(Native Method)\n\tat sun.reflect.NativeConstructorAccessorImpl.newInstance(NativeConstructorAccessorImpl.java:62)\n\tat sun.reflect.DelegatingConstructorAccessorImpl.newInstance(DelegatingConstructorAccessorImpl.java:45)\n\tat java.lang.reflect.Constructor.newInstance(Constructor.java:423)\n\tat org.openqa.selenium.remote.ErrorHandler.createThrowable(ErrorHandler.java:214)\n\tat org.openqa.selenium.remote.ErrorHandler.throwIfResponseFailed(ErrorHandler.java:166)\n\tat org.openqa.selenium.remote.http.JsonHttpResponseCodec.reconstructValue(JsonHttpResponseCodec.java:40)\n\tat org.openqa.selenium.remote.http.AbstractHttpResponseCodec.decode(AbstractHttpResponseCodec.java:80)\n\tat org.openqa.selenium.remote.http.AbstractHttpResponseCodec.decode(AbstractHttpResponseCodec.java:44)\n\tat org.openqa.selenium.remote.HttpCommandExecutor.execute(HttpCommandExecutor.java:158)\n\tat org.openqa.selenium.remote.service.DriverCommandExecutor.execute(DriverCommandExecutor.java:83)\n\tat org.openqa.selenium.remote.RemoteWebDriver.execute(RemoteWebDriver.java:552)\n\tat org.openqa.selenium.remote.RemoteWebDriver.get(RemoteWebDriver.java:277)\n\tat pages.TaxonomerPages.open(TaxonomerPages.java:22)\n\tat definitions.StepDefinitions.openPage(StepDefinitions.java:22)\n\tat ✽.Open \"login\" page(file:src/test/resources/features/idbydna.feature:53)\n",
              "duration": 7248945,
              "status": "failed"
            },
            "line": 53,
            "name": "Open \"login\" page",
            "match": {
              "arguments": [
                {
                  "val": "\"login\"",
                  "offset": 5
                }
              ],
              "location": "StepDefinitions.openPage(String)"
            },
            "keyword": "Given "
          },
          {
            "result": {
              "duration": 2447240,
              "status": "skipped"
            },
            "line": 54,
            "name": "Login to the app",
            "match": {
              "location": "StepDefinitions.loginToTheApp()"
            },
            "keyword": "And "
          },
          {
            "result": {
              "duration": 1961676,
              "status": "skipped"
            },
            "line": 55,
            "name": "Go to the \"Analyses\" page",
            "match": {
              "arguments": [
                {
                  "val": "\"Analyses\"",
                  "offset": 10
                }
              ],
              "location": "StepDefinitions.goToThePage(String)"
            },
            "keyword": "Then "
          },
          {
            "result": {
              "duration": 1459433,
              "status": "skipped"
            },
            "line": 56,
            "name": "Verify that user is able to delete Analysis from Analyses page",
            "match": {
              "location": "StepDefinitions.verifyThatUserIsAbleToDeleteAnalysisFromAnalysesPage()"
            },
            "keyword": "Then "
          }
        ],
        "tags": [
          {
            "name": "@tested"
          }
        ]
      }
    ],
    "name": "testfeature",
    "description": "",
    "id": "testfeature",
    "keyword": "Feature",
    "uri": "file:src/test/resources/features/idbydna.feature",
    "tags": [
      {
        "name": "@tested",
        "type": "Tag",
        "location": {
          "line": 1,
          "column": 1
        }
      }
    ]
  }
]